<?xml version="1.0" encoding="UTF-8" ?>
<testsuites>
 <testsuite name="angularjs homepage" timestamp="2015-10-29T22:02:06" hostname="localhost" time="25.285" errors="0" tests="1" skipped="0" disabled="0" failures="0">
  <testcase classname="angularjs homepage" name="should greet the named user" time="8.157" />
 </testsuite>
 <testsuite name="angularjs homepage.todo list" timestamp="2015-10-29T22:02:14" hostname="localhost" time="17.126" errors="0" tests="2" skipped="0" disabled="0" failures="0">
  <testcase classname="angularjs homepage.todo list" name="should list todos" time="6.961" />
  <testcase classname="angularjs homepage.todo list" name="should add a todo" time="10.165" />
 </testsuite>
</testsuites>